<?xml version="1.0" encoding="UTF-8"?>
<!-- Generated by org.testng.reporters.JUnitXMLReporter -->
<testsuite ignored="0" hostname="PARsLaptop" failures="0" tests="3" name="Test" time="17.523" errors="0" timestamp="2024-12-28T17:45:44 CET">
  <testcase classname="com.test.DragAndDrop" name="DragDrop" time="11.139"/>
  <testcase classname="com.test.MultiTest" name="SelectDropDown" time="0.213"/>
  <testcase classname="com.test.MultiTest" name="DragAndDrop" time="0.457"/>
</testsuite> <!-- Test -->
